D:\MY DOCUMENTS\VISUAL STUDIO 2012\PROJECTS\RFT_GPU\DEBUG\RFT_GPU.ILK
D:\MY DOCUMENTS\VISUAL STUDIO 2012\PROJECTS\RFT_GPU\DEBUG\RFT_GPU.EXE
D:\MY DOCUMENTS\VISUAL STUDIO 2012\PROJECTS\RFT_GPU\DEBUG\RFT_GPU.PDB
D:\My Documents\Visual Studio 2012\Projects\RFT_GPU2\RFT_GPU\Debug\kernel.cu.cache
D:\My Documents\Visual Studio 2012\Projects\RFT_GPU2\RFT_GPU\Debug\kernel.cu.obj
D:\My Documents\Visual Studio 2012\Projects\RFT_GPU2\RFT_GPU\Debug\link-cvtres.read.1.tlog
D:\My Documents\Visual Studio 2012\Projects\RFT_GPU2\RFT_GPU\Debug\link-cvtres.write.1.tlog
D:\My Documents\Visual Studio 2012\Projects\RFT_GPU2\RFT_GPU\Debug\link-rc.read.1.tlog
D:\My Documents\Visual Studio 2012\Projects\RFT_GPU2\RFT_GPU\Debug\link-rc.write.1.tlog
D:\My Documents\Visual Studio 2012\Projects\RFT_GPU2\RFT_GPU\Debug\link.4216-cvtres.read.1.tlog
D:\My Documents\Visual Studio 2012\Projects\RFT_GPU2\RFT_GPU\Debug\link.4216-cvtres.write.1.tlog
D:\My Documents\Visual Studio 2012\Projects\RFT_GPU2\RFT_GPU\Debug\link.4216-rc.read.1.tlog
D:\My Documents\Visual Studio 2012\Projects\RFT_GPU2\RFT_GPU\Debug\link.4216-rc.write.1.tlog
D:\My Documents\Visual Studio 2012\Projects\RFT_GPU2\RFT_GPU\Debug\link.4216.read.1.tlog
D:\My Documents\Visual Studio 2012\Projects\RFT_GPU2\RFT_GPU\Debug\link.4216.write.1.tlog
D:\My Documents\Visual Studio 2012\Projects\RFT_GPU2\RFT_GPU\Debug\link.6692-cvtres.read.1.tlog
D:\My Documents\Visual Studio 2012\Projects\RFT_GPU2\RFT_GPU\Debug\link.6692-cvtres.write.1.tlog
D:\My Documents\Visual Studio 2012\Projects\RFT_GPU2\RFT_GPU\Debug\link.6692-rc.read.1.tlog
D:\My Documents\Visual Studio 2012\Projects\RFT_GPU2\RFT_GPU\Debug\link.6692-rc.write.1.tlog
D:\My Documents\Visual Studio 2012\Projects\RFT_GPU2\RFT_GPU\Debug\link.6692.read.1.tlog
D:\My Documents\Visual Studio 2012\Projects\RFT_GPU2\RFT_GPU\Debug\link.6692.write.1.tlog
D:\My Documents\Visual Studio 2012\Projects\RFT_GPU2\RFT_GPU\Debug\link.command.1.tlog
D:\My Documents\Visual Studio 2012\Projects\RFT_GPU2\RFT_GPU\Debug\link.read.1.tlog
D:\My Documents\Visual Studio 2012\Projects\RFT_GPU2\RFT_GPU\Debug\link.write.1.tlog
D:\My Documents\Visual Studio 2012\Projects\RFT_GPU2\Debug\RFT_GPU.pdb
