D:\MY DOCUMENTS\VISUAL STUDIO 2012\PROJECTS\RFT_GPU2\X64\DEBUG\RFT_GPU.ILK
D:\MY DOCUMENTS\VISUAL STUDIO 2012\PROJECTS\RFT_GPU2\X64\DEBUG\RFT_GPU.EXE
D:\MY DOCUMENTS\VISUAL STUDIO 2012\PROJECTS\RFT_GPU2\X64\DEBUG\RFT_GPU.PDB
D:\MY DOCUMENTS\VISUAL STUDIO 2012\PROJECTS\RFT_CPU_GPU\X64\DEBUG\RFT_GPU.ILK
D:\MY DOCUMENTS\VISUAL STUDIO 2012\PROJECTS\RFT_CPU_GPU\X64\DEBUG\RFT_GPU.EXE
D:\MY DOCUMENTS\VISUAL STUDIO 2012\PROJECTS\RFT_CPU_GPU\X64\DEBUG\RFT_GPU.PDB
D:\My Documents\Visual Studio 2012\Projects\RFT_CPU_GPU\RFT_GPU\x64\Debug\kernel.cu.cache
D:\My Documents\Visual Studio 2012\Projects\RFT_CPU_GPU\RFT_GPU\x64\Debug\kernel.cu.obj
D:\My Documents\Visual Studio 2012\Projects\RFT_CPU_GPU\RFT_GPU\x64\Debug\link-cvtres.read.1.tlog
D:\My Documents\Visual Studio 2012\Projects\RFT_CPU_GPU\RFT_GPU\x64\Debug\link-cvtres.write.1.tlog
D:\My Documents\Visual Studio 2012\Projects\RFT_CPU_GPU\RFT_GPU\x64\Debug\link-rc.read.1.tlog
D:\My Documents\Visual Studio 2012\Projects\RFT_CPU_GPU\RFT_GPU\x64\Debug\link-rc.write.1.tlog
D:\My Documents\Visual Studio 2012\Projects\RFT_CPU_GPU\RFT_GPU\x64\Debug\link.4060-cvtres.read.1.tlog
D:\My Documents\Visual Studio 2012\Projects\RFT_CPU_GPU\RFT_GPU\x64\Debug\link.4060-cvtres.write.1.tlog
D:\My Documents\Visual Studio 2012\Projects\RFT_CPU_GPU\RFT_GPU\x64\Debug\link.4060-rc.read.1.tlog
D:\My Documents\Visual Studio 2012\Projects\RFT_CPU_GPU\RFT_GPU\x64\Debug\link.4060-rc.write.1.tlog
D:\My Documents\Visual Studio 2012\Projects\RFT_CPU_GPU\RFT_GPU\x64\Debug\link.4060.read.1.tlog
D:\My Documents\Visual Studio 2012\Projects\RFT_CPU_GPU\RFT_GPU\x64\Debug\link.4060.write.1.tlog
D:\My Documents\Visual Studio 2012\Projects\RFT_CPU_GPU\RFT_GPU\x64\Debug\link.command.1.tlog
D:\My Documents\Visual Studio 2012\Projects\RFT_CPU_GPU\RFT_GPU\x64\Debug\link.read.1.tlog
D:\My Documents\Visual Studio 2012\Projects\RFT_CPU_GPU\RFT_GPU\x64\Debug\link.write.1.tlog
D:\My Documents\Visual Studio 2012\Projects\RFT_CPU_GPU\x64\Debug\RFT_GPU.pdb
D:\My Documents\Visual Studio 2012\Projects\RFT_CPU_GPU\x64\Debug\RFT_GPU.exe
D:\My Documents\Visual Studio 2012\Projects\RFT_CPU_GPU\x64\Debug\RFT_GPU.ilk
